<?xml version="1.0" encoding="UTF-8"?>
<testng-results skipped="0" failed="0" total="2" passed="2">
  <reporter-output>
  </reporter-output>
  <suite name="Suite" duration-ms="34276" started-at="2016-10-22T04:58:01Z" finished-at="2016-10-22T04:58:36Z">
    <groups>
    </groups>
    <test name="Test" duration-ms="34276" started-at="2016-10-22T04:58:01Z" finished-at="2016-10-22T04:58:36Z">
      <class name="testcases.hybridTestCases.AddUserWithReport1">
        <test-method status="PASS" signature="setupReport()[pri:0, instance:testcases.hybridTestCases.AddUserWithReport1@19bb089b]" name="setupReport" is-config="true" duration-ms="605" started-at="2016-10-22T10:28:01Z" finished-at="2016-10-22T10:28:01Z">
          <reporter-output>
          </reporter-output>
        </test-method> <!-- setupReport -->
        <test-method status="PASS" signature="setup(java.lang.String)[pri:0, instance:testcases.hybridTestCases.AddUserWithReport1@19bb089b]" name="setup" is-config="true" duration-ms="4830" started-at="2016-10-22T10:28:02Z" finished-at="2016-10-22T10:28:06Z">
          <params>
            <param index="0">
              <value>
                <![CDATA[chrome]]>
              </value>
            </param>
          </params>
          <reporter-output>
          </reporter-output>
        </test-method> <!-- setup -->
        <test-method status="PASS" signature="addUserToApplication()[pri:0, instance:testcases.hybridTestCases.AddUserWithReport1@19bb089b]" name="addUserToApplication" duration-ms="20756" started-at="2016-10-22T10:28:06Z" finished-at="2016-10-22T10:28:27Z">
          <reporter-output>
          </reporter-output>
        </test-method> <!-- addUserToApplication -->
        <test-method status="PASS" signature="endTest(org.testng.ITestResult)[pri:0, instance:testcases.hybridTestCases.AddUserWithReport1@19bb089b]" name="endTest" is-config="true" duration-ms="659" started-at="2016-10-22T10:28:27Z" finished-at="2016-10-22T10:28:28Z">
          <params>
            <param index="0">
              <value>
                <![CDATA[[TestResult name=addUserToApplication status=SUCCESS method=AddUserWithReport1.addUserToApplication()[pri:0, instance:testcases.hybridTestCases.AddUserWithReport1@19bb089b] output={null}]]]>
              </value>
            </param>
          </params>
          <reporter-output>
          </reporter-output>
        </test-method> <!-- endTest -->
        <test-method status="PASS" signature="searchUser()[pri:0, instance:testcases.hybridTestCases.AddUserWithReport1@19bb089b]" name="searchUser" duration-ms="4520" started-at="2016-10-22T10:28:28Z" finished-at="2016-10-22T10:28:32Z">
          <reporter-output>
          </reporter-output>
        </test-method> <!-- searchUser -->
        <test-method status="PASS" signature="endTest(org.testng.ITestResult)[pri:0, instance:testcases.hybridTestCases.AddUserWithReport1@19bb089b]" name="endTest" is-config="true" duration-ms="581" started-at="2016-10-22T10:28:32Z" finished-at="2016-10-22T10:28:33Z">
          <params>
            <param index="0">
              <value>
                <![CDATA[[TestResult name=searchUser status=SUCCESS method=AddUserWithReport1.searchUser()[pri:0, instance:testcases.hybridTestCases.AddUserWithReport1@19bb089b] output={null}]]]>
              </value>
            </param>
          </params>
          <reporter-output>
          </reporter-output>
        </test-method> <!-- endTest -->
        <test-method status="PASS" signature="tearDown()[pri:0, instance:testcases.hybridTestCases.AddUserWithReport1@19bb089b]" name="tearDown" is-config="true" duration-ms="2883" started-at="2016-10-22T10:28:33Z" finished-at="2016-10-22T10:28:36Z">
          <reporter-output>
          </reporter-output>
        </test-method> <!-- tearDown -->
        <test-method status="PASS" signature="endReport()[pri:0, instance:testcases.hybridTestCases.AddUserWithReport1@19bb089b]" name="endReport" is-config="true" duration-ms="764" started-at="2016-10-22T10:28:36Z" finished-at="2016-10-22T10:28:37Z">
          <reporter-output>
          </reporter-output>
        </test-method> <!-- endReport -->
      </class> <!-- testcases.hybridTestCases.AddUserWithReport1 -->
    </test> <!-- Test -->
  </suite> <!-- Suite -->
</testng-results>
